<?xml version="1.0" encoding="UTF-8"?>
<testng-results ignored="0" total="2" passed="2" failed="0" skipped="0">
  <reporter-output>
  </reporter-output>
  <suite started-at="2022-01-01T17:08:12Z" name="Default suite" finished-at="2022-01-01T17:08:13Z" duration-ms="53">
    <groups>
    </groups>
    <test started-at="2022-01-01T17:08:12Z" name="Default test" finished-at="2022-01-01T17:08:13Z" duration-ms="53">
      <class name="com.crm.amdocs.Customer">
        <test-method signature="createCustomer()[pri:0, instance:com.crm.amdocs.Customer@44c73c26]" started-at="2022-01-01T17:08:13Z" name="createCustomer" finished-at="2022-01-01T17:08:13Z" duration-ms="13" status="PASS">
          <reporter-output>
          </reporter-output>
        </test-method> <!-- createCustomer -->
        <test-method signature="delteCustomer()[pri:0, instance:com.crm.amdocs.Customer@44c73c26]" started-at="2022-01-01T17:08:13Z" name="delteCustomer" finished-at="2022-01-01T17:08:13Z" duration-ms="2" status="PASS">
          <reporter-output>
          </reporter-output>
        </test-method> <!-- delteCustomer -->
      </class> <!-- com.crm.amdocs.Customer -->
    </test> <!-- Default test -->
  </suite> <!-- Default suite -->
</testng-results>
